<?xml version="1.0" encoding="UTF-8"?>
<!-- Generated by org.testng.reporters.JUnitXMLReporter -->
<testsuite ignored="0" hostname="DESKTOP-G3P88A0" failures="0" tests="5" name="Surefire test" time="0.287" errors="0" timestamp="2023-02-21T17:09:00 IST">
  <testcase classname="assignment1.BaseClass" name="@BeforeTest setup" time="-1.676979540169E9">
    <failure type="org.testng.TestNGException" message="
Parameter &amp;apos;bname&amp;apos; is required by BeforeTest on method setup but has not been marked @Optional or defined
">
      <![CDATA[org.testng.TestNGException: 
Parameter 'bname' is required by BeforeTest on method setup but has not been marked @Optional or defined

... Removed 26 stack frames]]>
    </failure>
  </testcase> <!-- @BeforeTest setup -->
  <testcase classname="assignment1.BaseClass" name="@AfterMethod staticWait" time="0.0">
    <skipped/>
  </testcase> <!-- @AfterMethod staticWait -->
  <testcase classname="assignment1.BaseClass" name="@AfterMethod staticWait" time="0.0">
    <skipped/>
  </testcase> <!-- @AfterMethod staticWait -->
  <testcase classname="assignment1.BaseClass" name="@AfterMethod staticWait" time="0.0">
    <skipped/>
  </testcase> <!-- @AfterMethod staticWait -->
  <testcase classname="assignment1.BaseClass" name="@AfterMethod staticWait" time="0.0">
    <skipped/>
  </testcase> <!-- @AfterMethod staticWait -->
  <testcase classname="assignment1.BaseClass" name="@AfterMethod staticWait" time="0.0">
    <skipped/>
  </testcase> <!-- @AfterMethod staticWait -->
  <testcase classname="assignment1.TestClass" name="fullnameTest" time="0.001">
    <skipped/>
  </testcase> <!-- fullnameTest -->
  <testcase classname="assignment1.TestClass" name="emailTest" time="0.0">
    <skipped/>
  </testcase> <!-- emailTest -->
  <testcase classname="assignment1.TestClass" name="passwordTest" time="0.0">
    <skipped/>
  </testcase> <!-- passwordTest -->
  <testcase classname="assignment1.TestClass" name="phoneTest" time="0.0">
    <skipped/>
  </testcase> <!-- phoneTest -->
  <testcase classname="assignment1.TestClass" name="signupTest" time="0.0">
    <skipped/>
  </testcase> <!-- signupTest -->
</testsuite> <!-- Surefire test -->
