<?xml version="1.0" encoding="UTF-8"?>
<!-- Generated by org.testng.reporters.JUnitReportReporter -->
<testsuite hostname="DESKTOP-G3P88A0" failures="0" tests="6" name="assignment1.TestClass" time="-1676972800.000" errors="1" timestamp="2023-02-21T15:16:16 IST" skipped="5">
  <testcase classname="assignment1.TestClass" name="setup" time="-1676972800.000">
    <error message="
Parameter &#039;bname&#039; is required by BeforeTest on method setup but has not been marked @Optional or defined
in C:\Users\DELL\AppData\Local\Temp\testng-eclipse--751902754\testng-customsuite.xml" type="org.testng.TestNGException">
      <![CDATA[org.testng.TestNGException: 
Parameter 'bname' is required by BeforeTest on method setup but has not been marked @Optional or defined
in C:\Users\DELL\AppData\Local\Temp\testng-eclipse--751902754\testng-customsuite.xml
at org.testng.internal.Parameters.createParams(Parameters.java:267)
at org.testng.internal.Parameters.createParametersForMethod(Parameters.java:355)
at org.testng.internal.Parameters.createParameters(Parameters.java:684)
at org.testng.internal.Parameters.createConfigurationParameters(Parameters.java:166)
at org.testng.internal.invokers.ConfigInvoker.invokeConfigurations(ConfigInvoker.java:277)
at org.testng.TestRunner.invokeTestConfigurations(TestRunner.java:644)
at org.testng.TestRunner.beforeRun(TestRunner.java:633)
at org.testng.TestRunner.run(TestRunner.java:595)
at org.testng.SuiteRunner.runTest(SuiteRunner.java:437)
at org.testng.SuiteRunner.runSequentially(SuiteRunner.java:431)
at org.testng.SuiteRunner.privateRun(SuiteRunner.java:391)
at org.testng.SuiteRunner.run(SuiteRunner.java:330)
at org.testng.SuiteRunnerWorker.runSuite(SuiteRunnerWorker.java:52)
at org.testng.SuiteRunnerWorker.run(SuiteRunnerWorker.java:95)
at org.testng.TestNG.runSuitesSequentially(TestNG.java:1256)
at org.testng.TestNG.runSuitesLocally(TestNG.java:1176)
at org.testng.TestNG.runSuites(TestNG.java:1099)
at org.testng.TestNG.run(TestNG.java:1067)
at org.testng.remote.AbstractRemoteTestNG.run(AbstractRemoteTestNG.java:115)
at org.testng.remote.RemoteTestNG.initAndRun(RemoteTestNG.java:251)
at org.testng.remote.RemoteTestNG.main(RemoteTestNG.java:77)
]]>
    </error>
  </testcase> <!-- setup -->
  <system-out/>
  <testcase classname="assignment1.TestClass" name="fullnameTest" time="0.000">
    <skipped/>
  </testcase> <!-- fullnameTest -->
  <system-out/>
  <testcase classname="assignment1.TestClass" name="emailTest" time="0.003">
    <skipped/>
  </testcase> <!-- emailTest -->
  <system-out/>
  <testcase classname="assignment1.TestClass" name="passwordTest" time="0.002">
    <skipped/>
  </testcase> <!-- passwordTest -->
  <system-out/>
  <testcase classname="assignment1.TestClass" name="phoneTest" time="0.000">
    <skipped/>
  </testcase> <!-- phoneTest -->
  <system-out/>
  <testcase classname="assignment1.TestClass" name="signupTest" time="0.000">
    <skipped/>
  </testcase> <!-- signupTest -->
  <system-out/>
</testsuite> <!-- assignment1.TestClass -->
